<?xml version="1.0" encoding="UTF-8"?>
<!-- Generated by org.testng.reporters.JUnitReportReporter -->
<testsuite skipped="0" hostname="DESKTOP-KQUFIDC" name="com.qa.hubspot.tests.HomePageTest" tests="4" failures="0" timestamp="17 Jul 2020 15:24:32 GMT" time="4.328" errors="0">
  <testcase name="verifyHomePageHeaderTest" time="1.581" classname="com.qa.hubspot.tests.HomePageTest"/>
  <testcase name="verifyHomePageTitleTest" time="0.020" classname="com.qa.hubspot.tests.HomePageTest"/>
  <testcase name="verifyLoggedInUserTest" time="0.128" classname="com.qa.hubspot.tests.HomePageTest"/>
  <testcase name="verifyMeetingsToolsTest" time="2.599" classname="com.qa.hubspot.tests.HomePageTest"/>
</testsuite> <!-- com.qa.hubspot.tests.HomePageTest -->
